#-----------------------------------------------------------
# Vivado v2019.2 (64-bit)
# SW Build 2708876 on Wed Nov  6 21:40:23 MST 2019
# IP Build 2700528 on Thu Nov  7 00:09:20 MST 2019
# Start of session at: Sat Aug  5 15:18:16 2023
# Process ID: 22588
# Current directory: C:/Users/86183/Desktop/dianSai/2023_D/Vivado/Demodulate/Demodulate
# Command line: vivado.exe -gui_launcher_event rodinguilauncherevent5364 C:\Users\86183\Desktop\dianSai\2023_D\Vivado\Demodulate\Demodulate\Demodulate.xpr
# Log file: C:/Users/86183/Desktop/dianSai/2023_D/Vivado/Demodulate/Demodulate/vivado.log
# Journal file: C:/Users/86183/Desktop/dianSai/2023_D/Vivado/Demodulate/Demodulate\vivado.jou
#-----------------------------------------------------------
start_gui
open_project C:/Users/86183/Desktop/dianSai/2023_D/Vivado/Demodulate/Demodulate/Demodulate.xpr
Scanning sources...
Finished scanning sources
INFO: [IP_Flow 19-234] Refreshing IP repositories
INFO: [IP_Flow 19-1704] No user IP repositories specified
INFO: [IP_Flow 19-2313] Loaded Vivado IP repository 'D:/XILINX/Vivado/2019.2/data/ip'.
open_project: Time (s): cpu = 00:00:18 ; elapsed = 00:00:10 . Memory (MB): peak = 963.324 ; gain = 272.613
open_hw_manager
connect_hw_server -allow_non_jtag
INFO: [Labtools 27-2285] Connecting to hw_server url TCP:localhost:3121
INFO: [Labtools 27-2222] Launching hw_server...
INFO: [Labtools 27-2221] Launch Output:

****** Xilinx hw_server v2019.2
  **** Build date : Nov  6 2019 at 22:12:23
    ** Copyright 1986-2019 Xilinx, Inc. All Rights Reserved.


INFO: [Labtools 27-3415] Connecting to cs_server url TCP:localhost:3042
INFO: [Labtools 27-3417] Launching cs_server...
INFO: [Labtools 27-2221] Launch Output:


****** Xilinx cs_server v2019.2.0
  **** Build date : Nov 07 2019-13:28:22
    ** Copyright 2017-2019 Xilinx, Inc. All Rights Reserved.



connect_hw_server: Time (s): cpu = 00:00:01 ; elapsed = 00:00:07 . Memory (MB): peak = 1117.430 ; gain = 18.312
open_hw_target
INFO: [Labtoolstcl 44-466] Opening hw_target localhost:3121/xilinx_tcf/Digilent/210512180081
set_property PROGRAM.FILE {C:/Users/86183/Desktop/dianSai/2023_D/Vivado/Demodulate/Demodulate/Demodulate.runs/impl_1/TOP_new.bit} [get_hw_devices xc7a35t_0]
set_property PROBES.FILE {C:/Users/86183/Desktop/dianSai/2023_D/Vivado/Demodulate/Demodulate/Demodulate.runs/impl_1/TOP_new.ltx} [get_hw_devices xc7a35t_0]
set_property FULL_PROBES.FILE {C:/Users/86183/Desktop/dianSai/2023_D/Vivado/Demodulate/Demodulate/Demodulate.runs/impl_1/TOP_new.ltx} [get_hw_devices xc7a35t_0]
current_hw_device [get_hw_devices xc7a35t_0]
refresh_hw_device [lindex [get_hw_devices xc7a35t_0] 0]
INFO: [Labtools 27-1434] Device xc7a35t (JTAG device index = 0) is programmed with a design that has no supported debug core(s) in it.
WARNING: [Labtools 27-3361] The debug hub core was not detected.
Resolution: 
1. Make sure the clock connected to the debug hub (dbg_hub) core is a free running clock and is active.
2. Make sure the BSCAN_SWITCH_USER_MASK device property in Vivado Hardware Manager reflects the user scan chain setting in the design and refresh the device.  To determine the user scan chain setting in the design, open the implemented design and use 'get_property C_USER_SCAN_CHAIN [get_debug_cores dbg_hub]'.
For more details on setting the scan chain property, consult the Vivado Debug and Programming User Guide (UG908).
WARNING: [Labtools 27-3413] Dropping logic core with cellname:'ila_u' at location 'uuid_273E63A16A9A55F2BD048C7E52F184BE' from probes file, since it cannot be found on the programmed device.
set_property PROBES.FILE {C:/Users/86183/Desktop/dianSai/2023_D/Vivado/Demodulate/Demodulate/Demodulate.runs/impl_1/TOP_new.ltx} [get_hw_devices xc7a35t_0]
set_property FULL_PROBES.FILE {C:/Users/86183/Desktop/dianSai/2023_D/Vivado/Demodulate/Demodulate/Demodulate.runs/impl_1/TOP_new.ltx} [get_hw_devices xc7a35t_0]
set_property PROGRAM.FILE {C:/Users/86183/Desktop/dianSai/2023_D/Vivado/Demodulate/Demodulate/Demodulate.runs/impl_1/TOP_new.bit} [get_hw_devices xc7a35t_0]
program_hw_devices [get_hw_devices xc7a35t_0]
INFO: [Labtools 27-3164] End of startup status: HIGH
refresh_hw_device [lindex [get_hw_devices xc7a35t_0] 0]
INFO: [Labtools 27-2302] Device xc7a35t (JTAG device index = 0) is programmed with a design that has 1 ILA core(s).
display_hw_ila_data [ get_hw_ila_data hw_ila_data_1 -of_objects [get_hw_ilas -of_objects [get_hw_devices xc7a35t_0] -filter {CELL_NAME=~"ila_u"}]]
run_hw_ila [get_hw_ilas -of_objects [get_hw_devices xc7a35t_0] -filter {CELL_NAME=~"ila_u"}] -trigger_now
INFO: [Labtools 27-1964] The ILA core 'hw_ila_1' trigger was armed at 2023-Aug-05 15:24:23
run_hw_ila [get_hw_ilas -of_objects [get_hw_devices xc7a35t_0] -filter {CELL_NAME=~"ila_u"}] -trigger_now
INFO: [Labtools 27-1964] The ILA core 'hw_ila_1' trigger was armed at 2023-Aug-05 15:24:24
run_hw_ila [get_hw_ilas -of_objects [get_hw_devices xc7a35t_0] -filter {CELL_NAME=~"ila_u"}] -trigger_now
INFO: [Labtools 27-1964] The ILA core 'hw_ila_1' trigger was armed at 2023-Aug-05 15:24:29
set_property PARAM.FREQUENCY 1000000 [get_hw_targets localhost:3121/xilinx_tcf/Digilent/210512180081]
run_hw_ila [get_hw_ilas -of_objects [get_hw_devices xc7a35t_0] -filter {CELL_NAME=~"ila_u"}] -trigger_now
INFO: [Labtools 27-1964] The ILA core 'hw_ila_1' trigger was armed at 2023-Aug-05 15:24:47
wait_on_hw_ila [get_hw_ilas -of_objects [get_hw_devices xc7a35t_0] -filter {CELL_NAME=~"ila_u"}]
display_hw_ila_data [upload_hw_ila_data [get_hw_ilas -of_objects [get_hw_devices xc7a35t_0] -filter {CELL_NAME=~"ila_u"}]]
INFO: [Labtools 27-1966] The ILA core 'hw_ila_1' triggered at 2023-Aug-05 15:24:48
INFO: [Labtools 27-3304] ILA Waveform data saved to file C:/Users/86183/Desktop/dianSai/2023_D/Vivado/Demodulate/Demodulate/Demodulate.hw/backup/hw_ila_data_1.ila. Use Tcl command 'read_hw_ila_data' or Vivado File->Import->Import ILA Data menu item to import the previously saved data.
ERROR: [Labtoolstcl 44-513] HW Target shutdown. Closing target: localhost:3121/xilinx_tcf/Digilent/210512180081
reset_run impl_1 -prev_step 
launch_runs impl_1 -to_step write_bitstream -jobs 8
INFO: [Vivado 12-4149] The synthesis checkpoint for IP 'C:/Users/86183/Desktop/dianSai/2023_D/Vivado/Demodulate/Demodulate/Demodulate.srcs/sources_1/ip/dist_mem_gen_Q/dist_mem_gen_Q.xci' is already up-to-date
[Sat Aug  5 15:58:19 2023] Launched impl_1...
Run output will be captured here: C:/Users/86183/Desktop/dianSai/2023_D/Vivado/Demodulate/Demodulate/Demodulate.runs/impl_1/runme.log
reset_run impl_1 -prev_step 
launch_runs impl_1 -to_step write_bitstream -jobs 8
INFO: [Vivado 12-4149] The synthesis checkpoint for IP 'C:/Users/86183/Desktop/dianSai/2023_D/Vivado/Demodulate/Demodulate/Demodulate.srcs/sources_1/ip/dist_mem_gen_Q/dist_mem_gen_Q.xci' is already up-to-date
[Sat Aug  5 16:01:47 2023] Launched impl_1...
Run output will be captured here: C:/Users/86183/Desktop/dianSai/2023_D/Vivado/Demodulate/Demodulate/Demodulate.runs/impl_1/runme.log
write_cfgmem  -format mcs -size 128 -interface SPIx4 -loadbit {up 0x00000000 "C:/Users/86183/Desktop/dianSai/2023_D/Vivado/Demodulate/Demodulate/Demodulate.runs/impl_1/TOP_new.bit" } -checksum -force -disablebitswap -file "C:/Users/86183/Desktop/dianSai/2023_D/Vivado/D2023.mcs"
Command: write_cfgmem -format mcs -size 128 -interface SPIx4 -loadbit {up 0x00000000 "C:/Users/86183/Desktop/dianSai/2023_D/Vivado/Demodulate/Demodulate/Demodulate.runs/impl_1/TOP_new.bit" } -checksum -force -disablebitswap -file C:/Users/86183/Desktop/dianSai/2023_D/Vivado/D2023.mcs
Creating config memory files...
Creating bitstream load up from address 0x00000000
Loading bitfile C:/Users/86183/Desktop/dianSai/2023_D/Vivado/Demodulate/Demodulate/Demodulate.runs/impl_1/TOP_new.bit
ERROR: [Writecfgmem 68-20] SPI_BUSWIDTH property is set to "1" on bitfile C:/Users/86183/Desktop/dianSai/2023_D/Vivado/Demodulate/Demodulate/Demodulate.runs/impl_1/TOP_new.bit. This property has to be set to "4" to generate a configuration memory file for the SPIX4 interface. Please ensure that a valid value has been set for the property BITSTREAM.Config.SPI_buswidth and rerun this command.
0 Infos, 0 Warnings, 0 Critical Warnings and 1 Errors encountered.
write_cfgmem failed
ERROR: [Common 17-39] 'write_cfgmem' failed due to earlier errors.
WARNING: [filemgmt 56-199] Attempt to get parsing info during refresh. "On-the-fly" syntax checking information may be incorrect. [C:\Users\86183\Desktop\dianSai\2023_D\Vivado\Demodulate\Demodulate\Demodulate.srcs\sources_1\new\TOP_new.v:]
WARNING: [filemgmt 56-199] Attempt to get parsing info during refresh. "On-the-fly" syntax checking information may be incorrect. [C:\Users\86183\Desktop\dianSai\2023_D\Vivado\Demodulate\src\cal\Signal_discrim.v:]
ERROR: [Common 17-180] Spawn failed: No error
open_run impl_1
INFO: [Device 21-403] Loading part xc7a35tfgg484-2
Netlist sorting complete. Time (s): cpu = 00:00:00 ; elapsed = 00:00:00.250 . Memory (MB): peak = 2879.297 ; gain = 0.000
INFO: [Netlist 29-17] Analyzing 1640 Unisim elements for replacement
INFO: [Netlist 29-28] Unisim Transformation completed in 1 CPU seconds
INFO: [Project 1-479] Netlist was created with Vivado 2019.2
INFO: [Project 1-570] Preparing netlist for logic optimization
INFO: [Timing 38-478] Restoring timing data from binary archive.
INFO: [Timing 38-479] Binary timing data restore complete.
INFO: [Project 1-856] Restoring constraints from binary archive.
INFO: [Project 1-853] Binary constraint restore complete.
Reading XDEF placement.
Reading placer database...
Reading XDEF routing.
Read XDEF File: Time (s): cpu = 00:00:02 ; elapsed = 00:00:01 . Memory (MB): peak = 3555.496 ; gain = 0.000
Restored from archive | CPU: 2.000000 secs | Memory: 0.000000 MB |
Finished XDEF File Restore: Time (s): cpu = 00:00:02 ; elapsed = 00:00:01 . Memory (MB): peak = 3555.496 ; gain = 0.000
Netlist sorting complete. Time (s): cpu = 00:00:00 ; elapsed = 00:00:00.007 . Memory (MB): peak = 3555.496 ; gain = 0.000
INFO: [Project 1-111] Unisim Transformation Summary:
  A total of 122 instances were transformed.
  CFGLUT5 => CFGLUT5 (SRL16E, SRLC32E): 116 instances
  RAM32M => RAM32M (RAMD32(x6), RAMS32(x2)): 6 instances

open_run: Time (s): cpu = 00:00:37 ; elapsed = 00:00:29 . Memory (MB): peak = 3727.488 ; gain = 952.293
open_report: Time (s): cpu = 00:00:16 ; elapsed = 00:00:09 . Memory (MB): peak = 3772.293 ; gain = 44.805
WARNING: [Timing 38-436] There are set_bus_skew constraint(s) in this design. Please run report_bus_skew to ensure that bus skew requirements are met.
startgroup
set_property BITSTREAM.CONFIG.SPI_BUSWIDTH 4 [get_designs impl_1]
endgroup
set_property target_constrs_file C:/Users/86183/Desktop/dianSai/2023_D/Vivado/Demodulate/Demodulate/Demodulate.srcs/constrs_1/new/TOP_new.xdc [current_fileset -constrset]
save_constraints -force
reset_run impl_1
launch_runs impl_1 -to_step write_bitstream -jobs 8
INFO: [Vivado 12-4149] The synthesis checkpoint for IP 'C:/Users/86183/Desktop/dianSai/2023_D/Vivado/Demodulate/Demodulate/Demodulate.srcs/sources_1/ip/dist_mem_gen_Q/dist_mem_gen_Q.xci' is already up-to-date
[Sat Aug  5 16:09:42 2023] Launched impl_1...
Run output will be captured here: C:/Users/86183/Desktop/dianSai/2023_D/Vivado/Demodulate/Demodulate/Demodulate.runs/impl_1/runme.log
close_design
write_cfgmem  -format mcs -size 128 -interface SPIx4 -loadbit {up 0x00000000 "C:/Users/86183/Desktop/dianSai/2023_D/Vivado/Demodulate/Demodulate/Demodulate.runs/impl_1/TOP_new.bit" } -checksum -force -disablebitswap -file "C:/Users/86183/Desktop/dianSai/2023_D/Vivado/D2023.mcs"
Command: write_cfgmem -format mcs -size 128 -interface SPIx4 -loadbit {up 0x00000000 "C:/Users/86183/Desktop/dianSai/2023_D/Vivado/Demodulate/Demodulate/Demodulate.runs/impl_1/TOP_new.bit" } -checksum -force -disablebitswap -file C:/Users/86183/Desktop/dianSai/2023_D/Vivado/D2023.mcs
Creating config memory files...
Creating bitstream load up from address 0x00000000
Loading bitfile C:/Users/86183/Desktop/dianSai/2023_D/Vivado/Demodulate/Demodulate/Demodulate.runs/impl_1/TOP_new.bit
Writing file C:/Users/86183/Desktop/dianSai/2023_D/Vivado/D2023.mcs
Writing log file C:/Users/86183/Desktop/dianSai/2023_D/Vivado/D2023.prm
===================================
Configuration Memory information
===================================
File Format        MCS
Interface          SPIX4
Size               128M
Start Address      0x00000000
End Address        0x07FFFFFF
Checksum           0xD7C945EB
Fill Value         0xFF

Addr1         Addr2         Date                    File(s)                                                                                                  Checksum
0x00000000    0x0021728B    Aug  5 16:12:38 2023    C:/Users/86183/Desktop/dianSai/2023_D/Vivado/Demodulate/Demodulate/Demodulate.runs/impl_1/TOP_new.bit    0x011A5F5F
File Checksum Total                                                                                                                                          0x011A5F5F
0 Infos, 0 Warnings, 0 Critical Warnings and 0 Errors encountered.
write_cfgmem completed successfully
disconnect_hw_server localhost:3121
connect_hw_server -allow_non_jtag
INFO: [Labtools 27-2285] Connecting to hw_server url TCP:localhost:3121
INFO: [Labtools 27-3415] Connecting to cs_server url TCP:localhost:3042
INFO: [Labtools 27-3414] Connected to existing cs_server.
open_hw_target
INFO: [Labtoolstcl 44-466] Opening hw_target localhost:3121/xilinx_tcf/Digilent/210512180081
ERROR: [Labtools 27-2269] No devices detected on target localhost:3121/xilinx_tcf/Digilent/210512180081.
Check cable connectivity and that the target board is powered up then
use the disconnect_hw_server and connect_hw_server to re-register this hardware target.
ERROR: [Common 17-39] 'open_hw_target' failed due to earlier errors.
close_hw_manager
open_hw_manager
connect_hw_server -allow_non_jtag
INFO: [Labtools 27-2285] Connecting to hw_server url TCP:localhost:3121
INFO: [Labtools 27-3415] Connecting to cs_server url TCP:localhost:3042
INFO: [Labtools 27-3414] Connected to existing cs_server.
open_hw_target
INFO: [Labtoolstcl 44-466] Opening hw_target localhost:3121/xilinx_tcf/Digilent/210512180081
set_property PROGRAM.FILE {C:/Users/86183/Desktop/dianSai/2023_D/Vivado/Demodulate/Demodulate/Demodulate.runs/impl_1/TOP_new.bit} [get_hw_devices xc7a35t_0]
set_property PROBES.FILE {C:/Users/86183/Desktop/dianSai/2023_D/Vivado/Demodulate/Demodulate/Demodulate.runs/impl_1/TOP_new.ltx} [get_hw_devices xc7a35t_0]
set_property FULL_PROBES.FILE {C:/Users/86183/Desktop/dianSai/2023_D/Vivado/Demodulate/Demodulate/Demodulate.runs/impl_1/TOP_new.ltx} [get_hw_devices xc7a35t_0]
current_hw_device [get_hw_devices xc7a35t_0]
refresh_hw_device [lindex [get_hw_devices xc7a35t_0] 0]
INFO: [Labtools 27-1434] Device xc7a35t (JTAG device index = 0) is programmed with a design that has no supported debug core(s) in it.
WARNING: [Labtools 27-3361] The debug hub core was not detected.
Resolution: 
1. Make sure the clock connected to the debug hub (dbg_hub) core is a free running clock and is active.
2. Make sure the BSCAN_SWITCH_USER_MASK device property in Vivado Hardware Manager reflects the user scan chain setting in the design and refresh the device.  To determine the user scan chain setting in the design, open the implemented design and use 'get_property C_USER_SCAN_CHAIN [get_debug_cores dbg_hub]'.
For more details on setting the scan chain property, consult the Vivado Debug and Programming User Guide (UG908).
WARNING: [Labtools 27-3413] Dropping logic core with cellname:'ila_u' at location 'uuid_273E63A16A9A55F2BD048C7E52F184BE' from probes file, since it cannot be found on the programmed device.
create_hw_cfgmem -hw_device [lindex [get_hw_devices xc7a35t_0] 0] [lindex [get_cfgmem_parts {mt25ql128-spi-x1_x2_x4}] 0]
set_property PROGRAM.BLANK_CHECK  0 [ get_property PROGRAM.HW_CFGMEM [lindex [get_hw_devices xc7a35t_0] 0]]
set_property PROGRAM.ERASE  1 [ get_property PROGRAM.HW_CFGMEM [lindex [get_hw_devices xc7a35t_0] 0]]
set_property PROGRAM.CFG_PROGRAM  1 [ get_property PROGRAM.HW_CFGMEM [lindex [get_hw_devices xc7a35t_0] 0]]
set_property PROGRAM.VERIFY  1 [ get_property PROGRAM.HW_CFGMEM [lindex [get_hw_devices xc7a35t_0] 0]]
set_property PROGRAM.CHECKSUM  0 [ get_property PROGRAM.HW_CFGMEM [lindex [get_hw_devices xc7a35t_0] 0]]
refresh_hw_device [lindex [get_hw_devices xc7a35t_0] 0]
INFO: [Labtools 27-1434] Device xc7a35t (JTAG device index = 0) is programmed with a design that has no supported debug core(s) in it.
WARNING: [Labtools 27-3361] The debug hub core was not detected.
Resolution: 
1. Make sure the clock connected to the debug hub (dbg_hub) core is a free running clock and is active.
2. Make sure the BSCAN_SWITCH_USER_MASK device property in Vivado Hardware Manager reflects the user scan chain setting in the design and refresh the device.  To determine the user scan chain setting in the design, open the implemented design and use 'get_property C_USER_SCAN_CHAIN [get_debug_cores dbg_hub]'.
For more details on setting the scan chain property, consult the Vivado Debug and Programming User Guide (UG908).
WARNING: [Labtools 27-3413] Dropping logic core with cellname:'ila_u' at location 'uuid_273E63A16A9A55F2BD048C7E52F184BE' from probes file, since it cannot be found on the programmed device.
set_property PROGRAM.ADDRESS_RANGE  {use_file} [ get_property PROGRAM.HW_CFGMEM [lindex [get_hw_devices xc7a35t_0] 0]]
set_property PROGRAM.FILES [list "C:/Users/86183/Desktop/dianSai/2023_D/Vivado/D2023.mcs" ] [ get_property PROGRAM.HW_CFGMEM [lindex [get_hw_devices xc7a35t_0] 0]]
set_property PROGRAM.PRM_FILE {C:/Users/86183/Desktop/dianSai/2023_D/Vivado/D2023.prm} [ get_property PROGRAM.HW_CFGMEM [lindex [get_hw_devices xc7a35t_0] 0]]
set_property PROGRAM.UNUSED_PIN_TERMINATION {pull-none} [ get_property PROGRAM.HW_CFGMEM [lindex [get_hw_devices xc7a35t_0] 0]]
set_property PROGRAM.BLANK_CHECK  0 [ get_property PROGRAM.HW_CFGMEM [lindex [get_hw_devices xc7a35t_0] 0]]
set_property PROGRAM.ERASE  1 [ get_property PROGRAM.HW_CFGMEM [lindex [get_hw_devices xc7a35t_0] 0]]
set_property PROGRAM.CFG_PROGRAM  1 [ get_property PROGRAM.HW_CFGMEM [lindex [get_hw_devices xc7a35t_0] 0]]
set_property PROGRAM.VERIFY  1 [ get_property PROGRAM.HW_CFGMEM [lindex [get_hw_devices xc7a35t_0] 0]]
set_property PROGRAM.CHECKSUM  0 [ get_property PROGRAM.HW_CFGMEM [lindex [get_hw_devices xc7a35t_0] 0]]
startgroup 
create_hw_bitstream -hw_device [lindex [get_hw_devices xc7a35t_0] 0] [get_property PROGRAM.HW_CFGMEM_BITFILE [ lindex [get_hw_devices xc7a35t_0] 0]]; program_hw_devices [lindex [get_hw_devices xc7a35t_0] 0]; refresh_hw_device [lindex [get_hw_devices xc7a35t_0] 0];
INFO: [Labtools 27-3164] End of startup status: HIGH
INFO: [Labtools 27-2302] Device xc7a35t (JTAG device index = 0) is programmed with a design that has 1 SPI core(s).
WARNING: [Labtools 27-3413] Dropping logic core with cellname:'ila_u' at location 'uuid_273E63A16A9A55F2BD048C7E52F184BE' from probes file, since it cannot be found on the programmed device.
program_hw_cfgmem -hw_cfgmem [ get_property PROGRAM.HW_CFGMEM [lindex [get_hw_devices xc7a35t_0] 0]]
Mfg ID : 20   Memory Type : ba   Memory Capacity : 18   Device ID 1 : 0   Device ID 2 : 0
Performing Erase Operation...
Erase Operation successful.
Performing Program and Verify Operations...
Program/Verify Operation successful.
INFO: [Labtoolstcl 44-377] Flash programming completed successfully
program_hw_cfgmem: Time (s): cpu = 00:00:03 ; elapsed = 00:03:06 . Memory (MB): peak = 3923.562 ; gain = 0.000
endgroup
set_property PROBES.FILE {C:/Users/86183/Desktop/dianSai/2023_D/Vivado/Demodulate/Demodulate/Demodulate.runs/impl_1/TOP_new.ltx} [get_hw_devices xc7a35t_0]
set_property FULL_PROBES.FILE {C:/Users/86183/Desktop/dianSai/2023_D/Vivado/Demodulate/Demodulate/Demodulate.runs/impl_1/TOP_new.ltx} [get_hw_devices xc7a35t_0]
set_property PROGRAM.FILE {C:/Users/86183/Desktop/dianSai/2023_D/Vivado/Demodulate/Demodulate/Demodulate.runs/impl_1/TOP_new.bit} [get_hw_devices xc7a35t_0]
program_hw_devices [get_hw_devices xc7a35t_0]
INFO: [Common 17-41] Interrupt caught. Command should exit soon.
